Flow report for lab1_121220307_MIPS4
Mon Apr 07 13:15:25 2014
Quartus II 32-bit Version 12.0 Build 178 05/31/2012 SJ Full Version


---------------------
; Table of Contents ;
---------------------
  1. Legal Notice
  2. Flow Summary
  3. Flow Settings
  4. Flow Non-Default Global Settings
  5. Flow Elapsed Time
  6. Flow OS Summary
  7. Flow Log



----------------
; Legal Notice ;
----------------
Copyright (C) 1991-2012 Altera Corporation
Your use of Altera Corporation's design tools, logic functions 
and other software and tools, and its AMPP partner logic 
functions, and any output files from any of the foregoing 
(including device programming or simulation files), and any 
associated documentation or information are expressly subject 
to the terms and conditions of the Altera Program License 
Subscription Agreement, Altera MegaCore Function License 
Agreement, or other applicable license agreement, including, 
without limitation, that your use is for the sole purpose of 
programming logic devices manufactured by Altera and sold by 
Altera or its authorized distributors.  Please refer to the 
applicable agreement for further details.



+--------------------------------------------------------------------------------+
; Flow Summary                                                                   ;
+------------------------------------+-------------------------------------------+
; Flow Status                        ; Successful - Mon Apr 07 13:15:25 2014     ;
; Quartus II 32-bit Version          ; 12.0 Build 178 05/31/2012 SJ Full Version ;
; Revision Name                      ; lab1_121220307_MIPS4                      ;
; Top-level Entity Name              ; lab1_121220307_MIPS4                      ;
; Family                             ; Cyclone IV E                              ;
; Device                             ; EP4CE115F29C7                             ;
; Timing Models                      ; Final                                     ;
; Total logic elements               ; 160 / 114,480 ( < 1 % )                   ;
;     Total combinational functions  ; 160 / 114,480 ( < 1 % )                   ;
;     Dedicated logic registers      ; 60 / 114,480 ( < 1 % )                    ;
; Total registers                    ; 60                                        ;
; Total pins                         ; 29 / 529 ( 5 % )                          ;
; Total virtual pins                 ; 0                                         ;
; Total memory bits                  ; 0 / 3,981,312 ( 0 % )                     ;
; Embedded Multiplier 9-bit elements ; 0 / 532 ( 0 % )                           ;
; Total PLLs                         ; 0 / 4 ( 0 % )                             ;
+------------------------------------+-------------------------------------------+


+------------------------------------------+
; Flow Settings                            ;
+-------------------+----------------------+
; Option            ; Setting              ;
+-------------------+----------------------+
; Start date & time ; 04/07/2014 13:13:35  ;
; Main task         ; Compilation          ;
; Revision Name     ; lab1_121220307_MIPS4 ;
+-------------------+----------------------+


+-------------------------------------------------------------------------------------------------------------------------------------------------+
; Flow Non-Default Global Settings                                                                                                                ;
+--------------------------------------+---------------------------------------------+---------------+-------------+------------------------------+
; Assignment Name                      ; Value                                       ; Default Value ; Entity Name ; Section Id                   ;
+--------------------------------------+---------------------------------------------+---------------+-------------+------------------------------+
; COMPILER_SIGNATURE_ID                ; 105996041052040.139684761306708             ; --            ; --          ; --                           ;
; EDA_DESIGN_INSTANCE_NAME             ; NA                                          ; --            ; --          ; lab1_121220307_MIPS4_vlg_tst ;
; EDA_NATIVELINK_SIMULATION_TEST_BENCH ; lab1_121220307_MIPS4_vlg_tst                ; --            ; --          ; eda_simulation               ;
; EDA_OUTPUT_DATA_FORMAT               ; Verilog Hdl                                 ; --            ; --          ; eda_simulation               ;
; EDA_SIMULATION_TOOL                  ; ModelSim-Altera (Verilog)                   ; <None>        ; --          ; --                           ;
; EDA_TEST_BENCH_ENABLE_STATUS         ; TEST_BENCH_MODE                             ; --            ; --          ; eda_simulation               ;
; EDA_TEST_BENCH_FILE                  ; simulation/modelsim/lab1_121220307_MIPS4.vt ; --            ; --          ; lab1_121220307_MIPS4_vlg_tst ;
; EDA_TEST_BENCH_MODULE_NAME           ; lab1_121220307_MIPS4_vlg_tst                ; --            ; --          ; lab1_121220307_MIPS4_vlg_tst ;
; EDA_TEST_BENCH_NAME                  ; lab1_121220307_MIPS4_vlg_tst                ; --            ; --          ; eda_simulation               ;
; EDA_TIME_SCALE                       ; 1 us                                        ; --            ; --          ; eda_simulation               ;
; MAX_CORE_JUNCTION_TEMP               ; 85                                          ; --            ; --          ; --                           ;
; MIN_CORE_JUNCTION_TEMP               ; 0                                           ; --            ; --          ; --                           ;
; NOMINAL_CORE_SUPPLY_VOLTAGE          ; 1.2V                                        ; --            ; --          ; --                           ;
; PARTITION_COLOR                      ; 16764057                                    ; --            ; --          ; Top                          ;
; PARTITION_FITTER_PRESERVATION_LEVEL  ; PLACEMENT_AND_ROUTING                       ; --            ; --          ; Top                          ;
; PARTITION_NETLIST_TYPE               ; SOURCE                                      ; --            ; --          ; Top                          ;
+--------------------------------------+---------------------------------------------+---------------+-------------+------------------------------+


+-------------------------------------------------------------------------------------------------------------------------------+
; Flow Elapsed Time                                                                                                             ;
+---------------------------+--------------+-------------------------+---------------------+------------------------------------+
; Module Name               ; Elapsed Time ; Average Processors Used ; Peak Virtual Memory ; Total CPU Time (on all processors) ;
+---------------------------+--------------+-------------------------+---------------------+------------------------------------+
; Analysis & Synthesis      ; 00:00:15     ; 1.0                     ; 335 MB              ; 00:00:03                           ;
; Fitter                    ; 00:00:57     ; 2.7                     ; 671 MB              ; 00:01:09                           ;
; TimeQuest Timing Analyzer ; 00:00:20     ; 1.0                     ; 396 MB              ; 00:00:09                           ;
; Assembler                 ; 00:00:30     ; 1.0                     ; 344 MB              ; 00:00:19                           ;
; EDA Netlist Writer        ; 00:00:14     ; 1.0                     ; 299 MB              ; 00:00:03                           ;
; Total                     ; 00:02:16     ; --                      ; --                  ; 00:01:43                           ;
+---------------------------+--------------+-------------------------+---------------------+------------------------------------+


+----------------------------------------------------------------------------------------+
; Flow OS Summary                                                                        ;
+---------------------------+------------------+-----------+------------+----------------+
; Module Name               ; Machine Hostname ; OS Name   ; OS Version ; Processor type ;
+---------------------------+------------------+-----------+------------+----------------+
; Analysis & Synthesis      ; Lenovo-PC        ; Windows 7 ; 6.2        ; x86_64         ;
; Fitter                    ; Lenovo-PC        ; Windows 7 ; 6.2        ; x86_64         ;
; TimeQuest Timing Analyzer ; Lenovo-PC        ; Windows 7 ; 6.2        ; x86_64         ;
; Assembler                 ; Lenovo-PC        ; Windows 7 ; 6.2        ; x86_64         ;
; EDA Netlist Writer        ; Lenovo-PC        ; Windows 7 ; 6.2        ; x86_64         ;
+---------------------------+------------------+-----------+------------+----------------+


------------
; Flow Log ;
------------
quartus_map --read_settings_files=on --write_settings_files=off lab1_121220307_MIPS4 -c lab1_121220307_MIPS4
quartus_fit --read_settings_files=off --write_settings_files=off lab1_121220307_MIPS4 -c lab1_121220307_MIPS4
quartus_sta lab1_121220307_MIPS4 -c lab1_121220307_MIPS4
quartus_asm --read_settings_files=off --write_settings_files=off lab1_121220307_MIPS4 -c lab1_121220307_MIPS4
quartus_eda --read_settings_files=off --write_settings_files=off lab1_121220307_MIPS4 -c lab1_121220307_MIPS4



