Flow report for lab2_121220307_MIPS32
Mon Mar 31 14:15:40 2014
Quartus II 32-bit Version 12.0 Build 178 05/31/2012 SJ Full Version


---------------------
; Table of Contents ;
---------------------
  1. Legal Notice
  2. Flow Summary
  3. Flow Settings
  4. Flow Non-Default Global Settings
  5. Flow Elapsed Time
  6. Flow OS Summary
  7. Flow Log



----------------
; Legal Notice ;
----------------
Copyright (C) 1991-2012 Altera Corporation
Your use of Altera Corporation's design tools, logic functions 
and other software and tools, and its AMPP partner logic 
functions, and any output files from any of the foregoing 
(including device programming or simulation files), and any 
associated documentation or information are expressly subject 
to the terms and conditions of the Altera Program License 
Subscription Agreement, Altera MegaCore Function License 
Agreement, or other applicable license agreement, including, 
without limitation, that your use is for the sole purpose of 
programming logic devices manufactured by Altera and sold by 
Altera or its authorized distributors.  Please refer to the 
applicable agreement for further details.



+--------------------------------------------------------------------------------+
; Flow Summary                                                                   ;
+------------------------------------+-------------------------------------------+
; Flow Status                        ; Successful - Mon Mar 31 14:15:40 2014     ;
; Quartus II 32-bit Version          ; 12.0 Build 178 05/31/2012 SJ Full Version ;
; Revision Name                      ; lab2_121220307_MIPS32                     ;
; Top-level Entity Name              ; lab2_121220307_MIPS32                     ;
; Family                             ; Cyclone IV E                              ;
; Device                             ; EP4CE115F29C7                             ;
; Timing Models                      ; Final                                     ;
; Total logic elements               ; 521 / 114,480 ( < 1 % )                   ;
;     Total combinational functions  ; 521 / 114,480 ( < 1 % )                   ;
;     Dedicated logic registers      ; 0 / 114,480 ( 0 % )                       ;
; Total registers                    ; 0                                         ;
; Total pins                         ; 71 / 529 ( 13 % )                         ;
; Total virtual pins                 ; 0                                         ;
; Total memory bits                  ; 0 / 3,981,312 ( 0 % )                     ;
; Embedded Multiplier 9-bit elements ; 0 / 532 ( 0 % )                           ;
; Total PLLs                         ; 0 / 4 ( 0 % )                             ;
+------------------------------------+-------------------------------------------+


+-------------------------------------------+
; Flow Settings                             ;
+-------------------+-----------------------+
; Option            ; Setting               ;
+-------------------+-----------------------+
; Start date & time ; 03/31/2014 14:13:40   ;
; Main task         ; Compilation           ;
; Revision Name     ; lab2_121220307_MIPS32 ;
+-------------------+-----------------------+


+---------------------------------------------------------------------------------------------------------------------------------------------------+
; Flow Non-Default Global Settings                                                                                                                  ;
+--------------------------------------+----------------------------------------------+---------------+-------------+-------------------------------+
; Assignment Name                      ; Value                                        ; Default Value ; Entity Name ; Section Id                    ;
+--------------------------------------+----------------------------------------------+---------------+-------------+-------------------------------+
; COMPILER_SIGNATURE_ID                ; 105996041052040.139624641807772              ; --            ; --          ; --                            ;
; EDA_DESIGN_INSTANCE_NAME             ; NA                                           ; --            ; --          ; lab2_121220307_MIPS32_vlg_tst ;
; EDA_NATIVELINK_SIMULATION_TEST_BENCH ; lab2_121220307_MIPS32_vlg_tst                ; --            ; --          ; eda_simulation                ;
; EDA_OUTPUT_DATA_FORMAT               ; Verilog Hdl                                  ; --            ; --          ; eda_simulation                ;
; EDA_SIMULATION_TOOL                  ; ModelSim-Altera (Verilog)                    ; <None>        ; --          ; --                            ;
; EDA_TEST_BENCH_ENABLE_STATUS         ; TEST_BENCH_MODE                              ; --            ; --          ; eda_simulation                ;
; EDA_TEST_BENCH_FILE                  ; simulation/modelsim/lab2_121220307_MIPS32.vt ; --            ; --          ; lab2_121220307_MIPS32_vlg_tst ;
; EDA_TEST_BENCH_MODULE_NAME           ; lab2_121220307_MIPS32_vlg_tst                ; --            ; --          ; lab2_121220307_MIPS32_vlg_tst ;
; EDA_TEST_BENCH_NAME                  ; lab2_121220307_MIPS32_vlg_tst                ; --            ; --          ; eda_simulation                ;
; EDA_TIME_SCALE                       ; 10 us                                        ; --            ; --          ; eda_simulation                ;
; MAX_CORE_JUNCTION_TEMP               ; 85                                           ; --            ; --          ; --                            ;
; MIN_CORE_JUNCTION_TEMP               ; 0                                            ; --            ; --          ; --                            ;
; NOMINAL_CORE_SUPPLY_VOLTAGE          ; 1.2V                                         ; --            ; --          ; --                            ;
; PARTITION_COLOR                      ; 16764057                                     ; --            ; --          ; Top                           ;
; PARTITION_FITTER_PRESERVATION_LEVEL  ; PLACEMENT_AND_ROUTING                        ; --            ; --          ; Top                           ;
; PARTITION_NETLIST_TYPE               ; SOURCE                                       ; --            ; --          ; Top                           ;
+--------------------------------------+----------------------------------------------+---------------+-------------+-------------------------------+


+-------------------------------------------------------------------------------------------------------------------------------+
; Flow Elapsed Time                                                                                                             ;
+---------------------------+--------------+-------------------------+---------------------+------------------------------------+
; Module Name               ; Elapsed Time ; Average Processors Used ; Peak Virtual Memory ; Total CPU Time (on all processors) ;
+---------------------------+--------------+-------------------------+---------------------+------------------------------------+
; Analysis & Synthesis      ; 00:00:21     ; 1.0                     ; 335 MB              ; 00:00:09                           ;
; Fitter                    ; 00:00:55     ; 2.2                     ; 654 MB              ; 00:00:57                           ;
; TimeQuest Timing Analyzer ; 00:00:23     ; 1.0                     ; 397 MB              ; 00:00:11                           ;
; Assembler                 ; 00:00:32     ; 1.0                     ; 346 MB              ; 00:00:19                           ;
; EDA Netlist Writer        ; 00:00:16     ; 1.0                     ; 299 MB              ; 00:00:04                           ;
; Total                     ; 00:02:27     ; --                      ; --                  ; 00:01:40                           ;
+---------------------------+--------------+-------------------------+---------------------+------------------------------------+


+----------------------------------------------------------------------------------------+
; Flow OS Summary                                                                        ;
+---------------------------+------------------+-----------+------------+----------------+
; Module Name               ; Machine Hostname ; OS Name   ; OS Version ; Processor type ;
+---------------------------+------------------+-----------+------------+----------------+
; Analysis & Synthesis      ; Lenovo-PC        ; Windows 7 ; 6.2        ; x86_64         ;
; Fitter                    ; Lenovo-PC        ; Windows 7 ; 6.2        ; x86_64         ;
; TimeQuest Timing Analyzer ; Lenovo-PC        ; Windows 7 ; 6.2        ; x86_64         ;
; Assembler                 ; Lenovo-PC        ; Windows 7 ; 6.2        ; x86_64         ;
; EDA Netlist Writer        ; Lenovo-PC        ; Windows 7 ; 6.2        ; x86_64         ;
+---------------------------+------------------+-----------+------------+----------------+


------------
; Flow Log ;
------------
quartus_map --read_settings_files=on --write_settings_files=off lab2_121220307_MIPS32 -c lab2_121220307_MIPS32
quartus_fit --read_settings_files=off --write_settings_files=off lab2_121220307_MIPS32 -c lab2_121220307_MIPS32
quartus_sta lab2_121220307_MIPS32 -c lab2_121220307_MIPS32
quartus_asm --read_settings_files=off --write_settings_files=off lab2_121220307_MIPS32 -c lab2_121220307_MIPS32
quartus_eda --read_settings_files=off --write_settings_files=off lab2_121220307_MIPS32 -c lab2_121220307_MIPS32



