Analysis & Synthesis report for single_cpu
Sun Jun 08 03:33:21 2014
Quartus II 32-bit Version 12.0 Build 178 05/31/2012 SJ Full Version


---------------------
; Table of Contents ;
---------------------
  1. Legal Notice
  2. Analysis & Synthesis Summary
  3. Analysis & Synthesis Settings
  4. Parallel Compilation
  5. Analysis & Synthesis Source Files Read
  6. Analysis & Synthesis Resource Usage Summary
  7. Analysis & Synthesis Resource Utilization by Entity
  8. Registers Removed During Synthesis
  9. Removed Registers Triggering Further Register Optimizations
 10. General Register Statistics
 11. Inverted Register Statistics
 12. Multiplexer Restructuring Statistics (Restructuring Performed)
 13. Parameter Settings for User Entity Instance: registers_32:reg_32
 14. Port Connectivity Checks: "sel_7:sel_7_1"
 15. Port Connectivity Checks: "sel_32_03:sel_32_03_1"
 16. Port Connectivity Checks: "sel_5:sel_5_2"
 17. Elapsed Time Per Partition
 18. Analysis & Synthesis Messages
 19. Analysis & Synthesis Suppressed Messages



----------------
; Legal Notice ;
----------------
Copyright (C) 1991-2012 Altera Corporation
Your use of Altera Corporation's design tools, logic functions 
and other software and tools, and its AMPP partner logic 
functions, and any output files from any of the foregoing 
(including device programming or simulation files), and any 
associated documentation or information are expressly subject 
to the terms and conditions of the Altera Program License 
Subscription Agreement, Altera MegaCore Function License 
Agreement, or other applicable license agreement, including, 
without limitation, that your use is for the sole purpose of 
programming logic devices manufactured by Altera and sold by 
Altera or its authorized distributors.  Please refer to the 
applicable agreement for further details.



+--------------------------------------------------------------------------------+
; Analysis & Synthesis Summary                                                   ;
+------------------------------------+-------------------------------------------+
; Analysis & Synthesis Status        ; Successful - Sun Jun 08 03:33:20 2014     ;
; Quartus II 32-bit Version          ; 12.0 Build 178 05/31/2012 SJ Full Version ;
; Revision Name                      ; single_cpu                                ;
; Top-level Entity Name              ; single_cpu                                ;
; Family                             ; Cyclone IV E                              ;
; Total logic elements               ; 3,792                                     ;
;     Total combinational functions  ; 2,966                                     ;
;     Dedicated logic registers      ; 1,054                                     ;
; Total registers                    ; 1054                                      ;
; Total pins                         ; 216                                       ;
; Total virtual pins                 ; 0                                         ;
; Total memory bits                  ; 0                                         ;
; Embedded Multiplier 9-bit elements ; 0                                         ;
; Total PLLs                         ; 0                                         ;
+------------------------------------+-------------------------------------------+


+----------------------------------------------------------------------------------------------------------------------+
; Analysis & Synthesis Settings                                                                                        ;
+----------------------------------------------------------------------------+--------------------+--------------------+
; Option                                                                     ; Setting            ; Default Value      ;
+----------------------------------------------------------------------------+--------------------+--------------------+
; Device                                                                     ; EP4CE115F29C7      ;                    ;
; Top-level entity name                                                      ; single_cpu         ; single_cpu         ;
; Family name                                                                ; Cyclone IV E       ; Cyclone IV GX      ;
; Use smart compilation                                                      ; Off                ; Off                ;
; Enable parallel Assembler and TimeQuest Timing Analyzer during compilation ; On                 ; On                 ;
; Enable compact report table                                                ; Off                ; Off                ;
; Restructure Multiplexers                                                   ; Auto               ; Auto               ;
; Create Debugging Nodes for IP Cores                                        ; Off                ; Off                ;
; Preserve fewer node names                                                  ; On                 ; On                 ;
; Disable OpenCore Plus hardware evaluation                                  ; Off                ; Off                ;
; Verilog Version                                                            ; Verilog_2001       ; Verilog_2001       ;
; VHDL Version                                                               ; VHDL_1993          ; VHDL_1993          ;
; State Machine Processing                                                   ; Auto               ; Auto               ;
; Safe State Machine                                                         ; Off                ; Off                ;
; Extract Verilog State Machines                                             ; On                 ; On                 ;
; Extract VHDL State Machines                                                ; On                 ; On                 ;
; Ignore Verilog initial constructs                                          ; Off                ; Off                ;
; Iteration limit for constant Verilog loops                                 ; 5000               ; 5000               ;
; Iteration limit for non-constant Verilog loops                             ; 250                ; 250                ;
; Add Pass-Through Logic to Inferred RAMs                                    ; On                 ; On                 ;
; Infer RAMs from Raw Logic                                                  ; On                 ; On                 ;
; Parallel Synthesis                                                         ; On                 ; On                 ;
; DSP Block Balancing                                                        ; Auto               ; Auto               ;
; NOT Gate Push-Back                                                         ; On                 ; On                 ;
; Power-Up Don't Care                                                        ; On                 ; On                 ;
; Remove Redundant Logic Cells                                               ; Off                ; Off                ;
; Remove Duplicate Registers                                                 ; On                 ; On                 ;
; Ignore CARRY Buffers                                                       ; Off                ; Off                ;
; Ignore CASCADE Buffers                                                     ; Off                ; Off                ;
; Ignore GLOBAL Buffers                                                      ; Off                ; Off                ;
; Ignore ROW GLOBAL Buffers                                                  ; Off                ; Off                ;
; Ignore LCELL Buffers                                                       ; Off                ; Off                ;
; Ignore SOFT Buffers                                                        ; On                 ; On                 ;
; Limit AHDL Integers to 32 Bits                                             ; Off                ; Off                ;
; Optimization Technique                                                     ; Balanced           ; Balanced           ;
; Carry Chain Length                                                         ; 70                 ; 70                 ;
; Auto Carry Chains                                                          ; On                 ; On                 ;
; Auto Open-Drain Pins                                                       ; On                 ; On                 ;
; Perform WYSIWYG Primitive Resynthesis                                      ; Off                ; Off                ;
; Auto ROM Replacement                                                       ; On                 ; On                 ;
; Auto RAM Replacement                                                       ; On                 ; On                 ;
; Auto DSP Block Replacement                                                 ; On                 ; On                 ;
; Auto Shift Register Replacement                                            ; Auto               ; Auto               ;
; Allow Shift Register Merging across Hierarchies                            ; Auto               ; Auto               ;
; Auto Clock Enable Replacement                                              ; On                 ; On                 ;
; Strict RAM Replacement                                                     ; Off                ; Off                ;
; Allow Synchronous Control Signals                                          ; On                 ; On                 ;
; Force Use of Synchronous Clear Signals                                     ; Off                ; Off                ;
; Auto RAM Block Balancing                                                   ; On                 ; On                 ;
; Auto RAM to Logic Cell Conversion                                          ; Off                ; Off                ;
; Auto Resource Sharing                                                      ; Off                ; Off                ;
; Allow Any RAM Size For Recognition                                         ; Off                ; Off                ;
; Allow Any ROM Size For Recognition                                         ; Off                ; Off                ;
; Allow Any Shift Register Size For Recognition                              ; Off                ; Off                ;
; Use LogicLock Constraints during Resource Balancing                        ; On                 ; On                 ;
; Ignore translate_off and synthesis_off directives                          ; Off                ; Off                ;
; Timing-Driven Synthesis                                                    ; On                 ; On                 ;
; Report Parameter Settings                                                  ; On                 ; On                 ;
; Report Source Assignments                                                  ; On                 ; On                 ;
; Report Connectivity Checks                                                 ; On                 ; On                 ;
; Ignore Maximum Fan-Out Assignments                                         ; Off                ; Off                ;
; Synchronization Register Chain Length                                      ; 2                  ; 2                  ;
; PowerPlay Power Optimization                                               ; Normal compilation ; Normal compilation ;
; HDL message level                                                          ; Level2             ; Level2             ;
; Suppress Register Optimization Related Messages                            ; Off                ; Off                ;
; Number of Removed Registers Reported in Synthesis Report                   ; 5000               ; 5000               ;
; Number of Swept Nodes Reported in Synthesis Report                         ; 5000               ; 5000               ;
; Number of Inverted Registers Reported in Synthesis Report                  ; 100                ; 100                ;
; Clock MUX Protection                                                       ; On                 ; On                 ;
; Auto Gated Clock Conversion                                                ; Off                ; Off                ;
; Block Design Naming                                                        ; Auto               ; Auto               ;
; SDC constraint protection                                                  ; Off                ; Off                ;
; Synthesis Effort                                                           ; Auto               ; Auto               ;
; Shift Register Replacement - Allow Asynchronous Clear Signal               ; On                 ; On                 ;
; Analysis & Synthesis Message Level                                         ; Medium             ; Medium             ;
; Disable Register Merging Across Hierarchies                                ; Auto               ; Auto               ;
; Resource Aware Inference For Block RAM                                     ; On                 ; On                 ;
; Synthesis Seed                                                             ; 1                  ; 1                  ;
+----------------------------------------------------------------------------+--------------------+--------------------+


+------------------------------------------+
; Parallel Compilation                     ;
+----------------------------+-------------+
; Processors                 ; Number      ;
+----------------------------+-------------+
; Number detected on machine ; 4           ;
; Maximum allowed            ; 4           ;
;                            ;             ;
; Average used               ; 1.00        ;
; Maximum used               ; 4           ;
;                            ;             ;
; Usage by Processor         ; % Time Used ;
;     1 processor            ; 100.0%      ;
;     2-4 processors         ; < 0.1%      ;
+----------------------------+-------------+


+--------------------------------------------------------------------------------------------------------------------------------------------------+
; Analysis & Synthesis Source Files Read                                                                                                           ;
+----------------------------------+-----------------+------------------------+----------------------------------------------------------+---------+
; File Name with User-Entered Path ; Used in Netlist ; File Type              ; File Name with Absolute Path                             ; Library ;
+----------------------------------+-----------------+------------------------+----------------------------------------------------------+---------+
; single_cpu.v                     ; yes             ; User Verilog HDL File  ; F:/LAB4_121220307/LAB4_121220307_single_cpu/single_cpu.v ;         ;
+----------------------------------+-----------------+------------------------+----------------------------------------------------------+---------+


+---------------------------------------------------------+
; Analysis & Synthesis Resource Usage Summary             ;
+---------------------------------------------+-----------+
; Resource                                    ; Usage     ;
+---------------------------------------------+-----------+
; Estimated Total logic elements              ; 3,792     ;
;                                             ;           ;
; Total combinational functions               ; 2966      ;
; Logic element usage by number of LUT inputs ;           ;
;     -- 4 input functions                    ; 1545      ;
;     -- 3 input functions                    ; 698       ;
;     -- <=2 input functions                  ; 723       ;
;                                             ;           ;
; Logic elements by mode                      ;           ;
;     -- normal mode                          ; 2446      ;
;     -- arithmetic mode                      ; 520       ;
;                                             ;           ;
; Total registers                             ; 1054      ;
;     -- Dedicated logic registers            ; 1054      ;
;     -- I/O registers                        ; 0         ;
;                                             ;           ;
; I/O pins                                    ; 216       ;
; Maximum fan-out node                        ; clk~input ;
; Maximum fan-out                             ; 1054      ;
; Total fan-out                               ; 13107     ;
; Average fan-out                             ; 2.94      ;
+---------------------------------------------+-----------+


+-----------------------------------------------------------------------------------------------------------------------------------------------------------------------------------------------+
; Analysis & Synthesis Resource Utilization by Entity                                                                                                                                           ;
+------------------------------+-------------------+--------------+-------------+--------------+---------+-----------+------+--------------+-------------------------------------+--------------+
; Compilation Hierarchy Node   ; LC Combinationals ; LC Registers ; Memory Bits ; DSP Elements ; DSP 9x9 ; DSP 18x18 ; Pins ; Virtual Pins ; Full Hierarchy Name                 ; Library Name ;
+------------------------------+-------------------+--------------+-------------+--------------+---------+-----------+------+--------------+-------------------------------------+--------------+
; |single_cpu                  ; 2966 (0)          ; 1054 (0)     ; 0           ; 0            ; 0       ; 0         ; 216  ; 0            ; |single_cpu                         ;              ;
;    |ALU:ALU_1|               ; 1229 (1229)       ; 0 (0)        ; 0           ; 0            ; 0       ; 0         ; 0    ; 0            ; |single_cpu|ALU:ALU_1               ;              ;
;    |Cpu_control:Cpu_1|       ; 30 (30)           ; 0 (0)        ; 0           ; 0            ; 0       ; 0         ; 0    ; 0            ; |single_cpu|Cpu_control:Cpu_1       ;              ;
;    |Extend16_32:Ext_1|       ; 1 (1)             ; 0 (0)        ; 0           ; 0            ; 0       ; 0         ; 0    ; 0            ; |single_cpu|Extend16_32:Ext_1       ;              ;
;    |GetIR:GetIR_1|           ; 53 (53)           ; 0 (0)        ; 0           ; 0            ; 0       ; 0         ; 0    ; 0            ; |single_cpu|GetIR:GetIR_1           ;              ;
;    |PC_counter:PC_counter_1| ; 91 (91)           ; 30 (30)      ; 0           ; 0            ; 0       ; 0         ; 0    ; 0            ; |single_cpu|PC_counter:PC_counter_1 ;              ;
;    |registers_32:reg_32|     ; 1209 (1209)       ; 1024 (1024)  ; 0           ; 0            ; 0       ; 0         ; 0    ; 0            ; |single_cpu|registers_32:reg_32     ;              ;
;    |sel_32:sel_32_2|         ; 118 (118)         ; 0 (0)        ; 0           ; 0            ; 0       ; 0         ; 0    ; 0            ; |single_cpu|sel_32:sel_32_2         ;              ;
;    |sel_32_03:sel_32_03_1|   ; 48 (48)           ; 0 (0)        ; 0           ; 0            ; 0       ; 0         ; 0    ; 0            ; |single_cpu|sel_32_03:sel_32_03_1   ;              ;
;    |sel_5:sel_5_1|           ; 5 (5)             ; 0 (0)        ; 0           ; 0            ; 0       ; 0         ; 0    ; 0            ; |single_cpu|sel_5:sel_5_1           ;              ;
;    |sel_5:sel_5_2|           ; 4 (4)             ; 0 (0)        ; 0           ; 0            ; 0       ; 0         ; 0    ; 0            ; |single_cpu|sel_5:sel_5_2           ;              ;
;    |sel_5:sel_5_3|           ; 5 (5)             ; 0 (0)        ; 0           ; 0            ; 0       ; 0         ; 0    ; 0            ; |single_cpu|sel_5:sel_5_3           ;              ;
;    |sel_7:sel_7_1|           ; 1 (1)             ; 0 (0)        ; 0           ; 0            ; 0       ; 0         ; 0    ; 0            ; |single_cpu|sel_7:sel_7_1           ;              ;
;    |shift_reg:shift_reg_1|   ; 172 (172)         ; 0 (0)        ; 0           ; 0            ; 0       ; 0         ; 0    ; 0            ; |single_cpu|shift_reg:shift_reg_1   ;              ;
+------------------------------+-------------------+--------------+-------------+--------------+---------+-----------+------+--------------+-------------------------------------+--------------+
Note: For table entries with two numbers listed, the numbers in parentheses indicate the number of resources of the given type used by the specific entity alone. The numbers listed outside of parentheses indicate the total resources of the given type used by the specific entity and all of its sub-entities in the hierarchy.


+--------------------------------------------------------------------------------+
; Registers Removed During Synthesis                                             ;
+---------------------------------------+----------------------------------------+
; Register name                         ; Reason for Removal                     ;
+---------------------------------------+----------------------------------------+
; PC_counter:PC_counter_1|PC_out[0,1]   ; Stuck at GND due to stuck port data_in ;
; Total Number of Removed Registers = 2 ;                                        ;
+---------------------------------------+----------------------------------------+


+--------------------------------------------------------------------------------------------------------+
; Removed Registers Triggering Further Register Optimizations                                            ;
+-----------------------------------+---------------------------+----------------------------------------+
; Register name                     ; Reason for Removal        ; Registers Removed due to This Register ;
+-----------------------------------+---------------------------+----------------------------------------+
; PC_counter:PC_counter_1|PC_out[1] ; Stuck at GND              ; PC_counter:PC_counter_1|PC_out[0]      ;
;                                   ; due to stuck port data_in ;                                        ;
+-----------------------------------+---------------------------+----------------------------------------+


+------------------------------------------------------+
; General Register Statistics                          ;
+----------------------------------------------+-------+
; Statistic                                    ; Value ;
+----------------------------------------------+-------+
; Total registers                              ; 1054  ;
; Number of registers using Synchronous Clear  ; 0     ;
; Number of registers using Synchronous Load   ; 25    ;
; Number of registers using Asynchronous Clear ; 0     ;
; Number of registers using Asynchronous Load  ; 0     ;
; Number of registers using Clock Enable       ; 992   ;
; Number of registers using Preset             ; 0     ;
+----------------------------------------------+-------+


+-----------------------------------------------------+
; Inverted Register Statistics                        ;
+-------------------------------------------+---------+
; Inverted Register                         ; Fan out ;
+-------------------------------------------+---------+
; registers_32:reg_32|register[9][0]        ; 2       ;
; registers_32:reg_32|register[11][0]       ; 2       ;
; registers_32:reg_32|register[5][0]        ; 2       ;
; registers_32:reg_32|register[4][0]        ; 2       ;
; registers_32:reg_32|register[7][0]        ; 2       ;
; registers_32:reg_32|register[2][0]        ; 2       ;
; registers_32:reg_32|register[1][0]        ; 2       ;
; registers_32:reg_32|register[3][0]        ; 2       ;
; registers_32:reg_32|register[13][0]       ; 2       ;
; registers_32:reg_32|register[15][0]       ; 2       ;
; registers_32:reg_32|register[6][1]        ; 2       ;
; registers_32:reg_32|register[10][1]       ; 2       ;
; registers_32:reg_32|register[2][1]        ; 2       ;
; registers_32:reg_32|register[14][1]       ; 2       ;
; registers_32:reg_32|register[4][1]        ; 2       ;
; registers_32:reg_32|register[11][1]       ; 2       ;
; registers_32:reg_32|register[7][1]        ; 2       ;
; registers_32:reg_32|register[15][1]       ; 2       ;
; registers_32:reg_32|register[6][2]        ; 2       ;
; registers_32:reg_32|register[5][2]        ; 2       ;
; registers_32:reg_32|register[4][2]        ; 2       ;
; registers_32:reg_32|register[7][2]        ; 2       ;
; registers_32:reg_32|register[1][2]        ; 2       ;
; registers_32:reg_32|register[2][2]        ; 2       ;
; registers_32:reg_32|register[3][2]        ; 2       ;
; registers_32:reg_32|register[14][2]       ; 2       ;
; registers_32:reg_32|register[13][2]       ; 2       ;
; registers_32:reg_32|register[12][2]       ; 2       ;
; registers_32:reg_32|register[15][2]       ; 2       ;
; registers_32:reg_32|register[9][3]        ; 2       ;
; registers_32:reg_32|register[13][3]       ; 2       ;
; registers_32:reg_32|register[10][3]       ; 2       ;
; registers_32:reg_32|register[14][3]       ; 2       ;
; registers_32:reg_32|register[8][3]        ; 2       ;
; registers_32:reg_32|register[12][3]       ; 2       ;
; registers_32:reg_32|register[11][3]       ; 2       ;
; registers_32:reg_32|register[15][3]       ; 2       ;
; registers_32:reg_32|register[4][4]        ; 2       ;
; registers_32:reg_32|register[2][4]        ; 2       ;
; registers_32:reg_32|register[1][4]        ; 2       ;
; registers_32:reg_32|register[1][5]        ; 2       ;
; registers_32:reg_32|register[3][5]        ; 2       ;
; registers_32:reg_32|register[4][6]        ; 2       ;
; registers_32:reg_32|register[2][6]        ; 2       ;
; registers_32:reg_32|register[2][7]        ; 2       ;
; registers_32:reg_32|register[4][8]        ; 2       ;
; registers_32:reg_32|register[2][8]        ; 2       ;
; registers_32:reg_32|register[1][8]        ; 2       ;
; registers_32:reg_32|register[3][8]        ; 2       ;
; registers_32:reg_32|register[2][9]        ; 2       ;
; registers_32:reg_32|register[1][9]        ; 2       ;
; registers_32:reg_32|register[4][9]        ; 2       ;
; registers_32:reg_32|register[3][9]        ; 2       ;
; registers_32:reg_32|register[1][11]       ; 2       ;
; registers_32:reg_32|register[3][11]       ; 2       ;
; registers_32:reg_32|register[4][12]       ; 2       ;
; registers_32:reg_32|register[2][13]       ; 2       ;
; registers_32:reg_32|register[3][13]       ; 2       ;
; registers_32:reg_32|register[4][16]       ; 2       ;
; registers_32:reg_32|register[2][16]       ; 2       ;
; registers_32:reg_32|register[1][18]       ; 2       ;
; registers_32:reg_32|register[2][18]       ; 2       ;
; registers_32:reg_32|register[3][18]       ; 2       ;
; registers_32:reg_32|register[1][19]       ; 2       ;
; registers_32:reg_32|register[4][20]       ; 2       ;
; registers_32:reg_32|register[2][20]       ; 2       ;
; registers_32:reg_32|register[1][21]       ; 2       ;
; registers_32:reg_32|register[3][21]       ; 2       ;
; registers_32:reg_32|register[4][22]       ; 2       ;
; registers_32:reg_32|register[2][22]       ; 2       ;
; registers_32:reg_32|register[1][23]       ; 2       ;
; registers_32:reg_32|register[3][23]       ; 2       ;
; registers_32:reg_32|register[4][24]       ; 2       ;
; registers_32:reg_32|register[2][24]       ; 2       ;
; registers_32:reg_32|register[1][25]       ; 2       ;
; registers_32:reg_32|register[3][25]       ; 2       ;
; registers_32:reg_32|register[1][27]       ; 2       ;
; registers_32:reg_32|register[4][27]       ; 2       ;
; registers_32:reg_32|register[1][28]       ; 2       ;
; registers_32:reg_32|register[3][28]       ; 2       ;
; registers_32:reg_32|register[1][29]       ; 2       ;
; registers_32:reg_32|register[3][29]       ; 2       ;
; registers_32:reg_32|register[4][30]       ; 2       ;
; registers_32:reg_32|register[1][30]       ; 2       ;
; registers_32:reg_32|register[3][30]       ; 2       ;
; registers_32:reg_32|register[1][31]       ; 2       ;
; registers_32:reg_32|register[25][0]       ; 1       ;
; registers_32:reg_32|register[21][0]       ; 1       ;
; registers_32:reg_32|register[17][0]       ; 1       ;
; registers_32:reg_32|register[29][0]       ; 1       ;
; registers_32:reg_32|register[27][0]       ; 1       ;
; registers_32:reg_32|register[23][0]       ; 1       ;
; registers_32:reg_32|register[19][0]       ; 1       ;
; registers_32:reg_32|register[31][0]       ; 1       ;
; registers_32:reg_32|register[26][1]       ; 1       ;
; registers_32:reg_32|register[22][1]       ; 1       ;
; registers_32:reg_32|register[18][1]       ; 1       ;
; registers_32:reg_32|register[30][1]       ; 1       ;
; registers_32:reg_32|register[23][1]       ; 1       ;
; registers_32:reg_32|register[27][1]       ; 1       ;
; Total number of inverted registers = 134* ;         ;
+-------------------------------------------+---------+
* Table truncated at 100 items. To change the number of inverted registers reported, set the "Number of Inverted Registers Reported" option under Assignments->Settings->Analysis and Synthesis Settings->More Settings


+-------------------------------------------------------------------------------------------------------------------------------------------------------------------------------+
; Multiplexer Restructuring Statistics (Restructuring Performed)                                                                                                                ;
+--------------------+-----------+---------------+----------------------+------------------------+-------------------------------------------------+----------------------------+
; Multiplexer Inputs ; Bus Width ; Baseline Area ; Area if Restructured ; Saving if Restructured ; Registered                                      ; Example Multiplexer Output ;
+--------------------+-----------+---------------+----------------------+------------------------+-------------------------------------------------+----------------------------+
; 4:1                ; 32 bits   ; 64 LEs        ; 32 LEs               ; 32 LEs                 ; |single_cpu|registers_32:reg_32|register[0][31] ;                            ;
; 3:1                ; 26 bits   ; 52 LEs        ; 52 LEs               ; 0 LEs                  ; |single_cpu|PC_counter:PC_counter_1|PC_out[3]   ;                            ;
; 4:1                ; 16 bits   ; 32 LEs        ; 32 LEs               ; 0 LEs                  ; |single_cpu|sel_32_03:sel_32_03_1|Mux21         ;                            ;
; 4:1                ; 16 bits   ; 32 LEs        ; 32 LEs               ; 0 LEs                  ; |single_cpu|sel_32_03:sel_32_03_1|Mux15         ;                            ;
; 9:1                ; 23 bits   ; 138 LEs       ; 115 LEs              ; 23 LEs                 ; |single_cpu|ALU:ALU_1|Mux16                     ;                            ;
; 32:1               ; 32 bits   ; 672 LEs       ; 672 LEs              ; 0 LEs                  ; |single_cpu|registers_32:reg_32|Mux6            ;                            ;
; 32:1               ; 32 bits   ; 672 LEs       ; 672 LEs              ; 0 LEs                  ; |single_cpu|registers_32:reg_32|Mux59           ;                            ;
; 10:1               ; 7 bits    ; 42 LEs        ; 42 LEs               ; 0 LEs                  ; |single_cpu|ALU:ALU_1|Mux17                     ;                            ;
+--------------------+-----------+---------------+----------------------+------------------------+-------------------------------------------------+----------------------------+


+------------------------------------------------------------------+
; Parameter Settings for User Entity Instance: registers_32:reg_32 ;
+----------------+-------+-----------------------------------------+
; Parameter Name ; Value ; Type                                    ;
+----------------+-------+-----------------------------------------+
; data_width     ; 32    ; Signed Integer                          ;
; addr_width     ; 5     ; Signed Integer                          ;
+----------------+-------+-----------------------------------------+
Note: In order to hide this table in the UI and the text report file, please set the "Show Parameter Settings in Synthesis Report" option in "Analysis and Synthesis Settings -> More Settings" to "Off".


+-------------------------------------------+
; Port Connectivity Checks: "sel_7:sel_7_1" ;
+------+-------+----------+-----------------+
; Port ; Type  ; Severity ; Details         ;
+------+-------+----------+-----------------+
; c7   ; Input ; Info     ; Stuck at VCC    ;
; c0   ; Input ; Info     ; Stuck at GND    ;
+------+-------+----------+-----------------+


+---------------------------------------------------+
; Port Connectivity Checks: "sel_32_03:sel_32_03_1" ;
+----------+-------+----------+---------------------+
; Port     ; Type  ; Severity ; Details             ;
+----------+-------+----------+---------------------+
; A[15..0] ; Input ; Info     ; Stuck at GND        ;
+----------+-------+----------+---------------------+


+-------------------------------------------+
; Port Connectivity Checks: "sel_5:sel_5_2" ;
+------+-------+----------+-----------------+
; Port ; Type  ; Severity ; Details         ;
+------+-------+----------+-----------------+
; A    ; Input ; Info     ; Stuck at GND    ;
+------+-------+----------+-----------------+


+-------------------------------+
; Elapsed Time Per Partition    ;
+----------------+--------------+
; Partition Name ; Elapsed Time ;
+----------------+--------------+
; Top            ; 00:01:02     ;
+----------------+--------------+


+-------------------------------+
; Analysis & Synthesis Messages ;
+-------------------------------+
Info: *******************************************************************
Info: Running Quartus II 32-bit Analysis & Synthesis
    Info: Version 12.0 Build 178 05/31/2012 SJ Full Version
    Info: Processing started: Sun Jun 08 03:32:14 2014
Info: Command: quartus_map --read_settings_files=on --write_settings_files=off single_cpu -c single_cpu
Info (20030): Parallel compilation is enabled and will use 4 of the 4 processors detected
Info (12021): Found 12 design units, including 12 entities, in source file single_cpu.v
    Info (12023): Found entity 1: single_cpu
    Info (12023): Found entity 2: Cpu_control
    Info (12023): Found entity 3: GetIR
    Info (12023): Found entity 4: PC_counter
    Info (12023): Found entity 5: sel_5
    Info (12023): Found entity 6: sel_32
    Info (12023): Found entity 7: sel_32_03
    Info (12023): Found entity 8: sel_7
    Info (12023): Found entity 9: Extend16_32
    Info (12023): Found entity 10: registers_32
    Info (12023): Found entity 11: shift_reg
    Info (12023): Found entity 12: ALU
Info (12127): Elaborating entity "single_cpu" for the top level hierarchy
Info (12128): Elaborating entity "GetIR" for hierarchy "GetIR:GetIR_1"
Info (12128): Elaborating entity "Cpu_control" for hierarchy "Cpu_control:Cpu_1"
Info (12128): Elaborating entity "sel_5" for hierarchy "sel_5:sel_5_1"
Info (12128): Elaborating entity "registers_32" for hierarchy "registers_32:reg_32"
Info (12128): Elaborating entity "Extend16_32" for hierarchy "Extend16_32:Ext_1"
Info (12128): Elaborating entity "sel_32_03" for hierarchy "sel_32_03:sel_32_03_1"
Info (12128): Elaborating entity "ALU" for hierarchy "ALU:ALU_1"
Warning (10240): Verilog HDL Always Construct warning at single_cpu.v(346): inferring latch(es) for variable "j", which holds its previous value in one or more paths through the always construct
Warning (10240): Verilog HDL Always Construct warning at single_cpu.v(346): inferring latch(es) for variable "k", which holds its previous value in one or more paths through the always construct
Warning (10240): Verilog HDL Always Construct warning at single_cpu.v(346): inferring latch(es) for variable "i", which holds its previous value in one or more paths through the always construct
Info (12128): Elaborating entity "shift_reg" for hierarchy "shift_reg:shift_reg_1"
Warning (10240): Verilog HDL Always Construct warning at single_cpu.v(294): inferring latch(es) for variable "i", which holds its previous value in one or more paths through the always construct
Info (12128): Elaborating entity "sel_32" for hierarchy "sel_32:sel_32_2"
Info (12128): Elaborating entity "sel_7" for hierarchy "sel_7:sel_7_1"
Info (12128): Elaborating entity "PC_counter" for hierarchy "PC_counter:PC_counter_1"
Warning (13024): Output pins are stuck at VCC or GND
    Warning (13410): Pin "PC_out[0]" is stuck at GND
    Warning (13410): Pin "PC_out[1]" is stuck at GND
    Warning (13410): Pin "IR[25]" is stuck at GND
    Warning (13410): Pin "IR[31]" is stuck at GND
    Warning (13410): Pin "Condition[2]" is stuck at GND
Info (286030): Timing-Driven Synthesis is running
Info (144001): Generated suppressed messages file F:/LAB4_121220307/LAB4_121220307_single_cpu/single_cpu.map.smsg
Info (16010): Generating hard_block partition "hard_block:auto_generated_inst"
    Info (16011): Adding 0 node(s), including 0 DDIO, 0 PLL, 0 transceiver and 0 LCELL
Info (21057): Implemented 4040 device resources after synthesis - the final resource count might be different
    Info (21058): Implemented 1 input pins
    Info (21059): Implemented 215 output pins
    Info (21061): Implemented 3824 logic cells
Info: Quartus II 32-bit Analysis & Synthesis was successful. 0 errors, 10 warnings
    Info: Peak virtual memory: 351 megabytes
    Info: Processing ended: Sun Jun 08 03:33:21 2014
    Info: Elapsed time: 00:01:07
    Info: Total CPU time (on all processors): 00:00:55


+------------------------------------------+
; Analysis & Synthesis Suppressed Messages ;
+------------------------------------------+
The suppressed messages can be found in F:/LAB4_121220307/LAB4_121220307_single_cpu/single_cpu.map.smsg.


