Flow report for lab3_121220307_ARM32
Mon Apr 07 09:34:57 2014
Quartus II 32-bit Version 12.0 Build 178 05/31/2012 SJ Full Version


---------------------
; Table of Contents ;
---------------------
  1. Legal Notice
  2. Flow Summary
  3. Flow Settings
  4. Flow Non-Default Global Settings
  5. Flow Elapsed Time
  6. Flow OS Summary
  7. Flow Log



----------------
; Legal Notice ;
----------------
Copyright (C) 1991-2012 Altera Corporation
Your use of Altera Corporation's design tools, logic functions 
and other software and tools, and its AMPP partner logic 
functions, and any output files from any of the foregoing 
(including device programming or simulation files), and any 
associated documentation or information are expressly subject 
to the terms and conditions of the Altera Program License 
Subscription Agreement, Altera MegaCore Function License 
Agreement, or other applicable license agreement, including, 
without limitation, that your use is for the sole purpose of 
programming logic devices manufactured by Altera and sold by 
Altera or its authorized distributors.  Please refer to the 
applicable agreement for further details.



+--------------------------------------------------------------------------------+
; Flow Summary                                                                   ;
+------------------------------------+-------------------------------------------+
; Flow Status                        ; Successful - Mon Apr 07 09:34:57 2014     ;
; Quartus II 32-bit Version          ; 12.0 Build 178 05/31/2012 SJ Full Version ;
; Revision Name                      ; lab3_121220307_ARM32                      ;
; Top-level Entity Name              ; lab3_121220307_ARM32                      ;
; Family                             ; Cyclone IV E                              ;
; Device                             ; EP4CE115F29C7                             ;
; Timing Models                      ; Final                                     ;
; Total logic elements               ; 704 / 114,480 ( < 1 % )                   ;
;     Total combinational functions  ; 704 / 114,480 ( < 1 % )                   ;
;     Dedicated logic registers      ; 0 / 114,480 ( 0 % )                       ;
; Total registers                    ; 0                                         ;
; Total pins                         ; 105 / 529 ( 20 % )                        ;
; Total virtual pins                 ; 0                                         ;
; Total memory bits                  ; 0 / 3,981,312 ( 0 % )                     ;
; Embedded Multiplier 9-bit elements ; 0 / 532 ( 0 % )                           ;
; Total PLLs                         ; 0 / 4 ( 0 % )                             ;
+------------------------------------+-------------------------------------------+


+------------------------------------------+
; Flow Settings                            ;
+-------------------+----------------------+
; Option            ; Setting              ;
+-------------------+----------------------+
; Start date & time ; 04/07/2014 09:33:02  ;
; Main task         ; Compilation          ;
; Revision Name     ; lab3_121220307_ARM32 ;
+-------------------+----------------------+


+-------------------------------------------------------------------------------------------------------------------------------------------------+
; Flow Non-Default Global Settings                                                                                                                ;
+--------------------------------------+---------------------------------------------+---------------+-------------+------------------------------+
; Assignment Name                      ; Value                                       ; Default Value ; Entity Name ; Section Id                   ;
+--------------------------------------+---------------------------------------------+---------------+-------------+------------------------------+
; COMPILER_SIGNATURE_ID                ; 105996041052040.139683437911512             ; --            ; --          ; --                           ;
; EDA_DESIGN_INSTANCE_NAME             ; NA                                          ; --            ; --          ; lab3_121220307_ARM32_vlg_tst ;
; EDA_NATIVELINK_SIMULATION_TEST_BENCH ; lab3_121220307_ARM32_vlg_tst                ; --            ; --          ; eda_simulation               ;
; EDA_OUTPUT_DATA_FORMAT               ; Verilog Hdl                                 ; --            ; --          ; eda_simulation               ;
; EDA_SIMULATION_TOOL                  ; ModelSim-Altera (Verilog)                   ; <None>        ; --          ; --                           ;
; EDA_TEST_BENCH_ENABLE_STATUS         ; TEST_BENCH_MODE                             ; --            ; --          ; eda_simulation               ;
; EDA_TEST_BENCH_FILE                  ; simulation/modelsim/lab3_121220307_ARM32.vt ; --            ; --          ; lab3_121220307_ARM32_vlg_tst ;
; EDA_TEST_BENCH_MODULE_NAME           ; lab3_121220307_ARM32_vlg_tst                ; --            ; --          ; lab3_121220307_ARM32_vlg_tst ;
; EDA_TEST_BENCH_NAME                  ; lab3_121220307_ARM32_vlg_tst                ; --            ; --          ; eda_simulation               ;
; EDA_TIME_SCALE                       ; 10 us                                       ; --            ; --          ; eda_simulation               ;
; MAX_CORE_JUNCTION_TEMP               ; 85                                          ; --            ; --          ; --                           ;
; MIN_CORE_JUNCTION_TEMP               ; 0                                           ; --            ; --          ; --                           ;
; NOMINAL_CORE_SUPPLY_VOLTAGE          ; 1.2V                                        ; --            ; --          ; --                           ;
; PARTITION_COLOR                      ; 16764057                                    ; --            ; --          ; Top                          ;
; PARTITION_FITTER_PRESERVATION_LEVEL  ; PLACEMENT_AND_ROUTING                       ; --            ; --          ; Top                          ;
; PARTITION_NETLIST_TYPE               ; SOURCE                                      ; --            ; --          ; Top                          ;
+--------------------------------------+---------------------------------------------+---------------+-------------+------------------------------+


+-------------------------------------------------------------------------------------------------------------------------------+
; Flow Elapsed Time                                                                                                             ;
+---------------------------+--------------+-------------------------+---------------------+------------------------------------+
; Module Name               ; Elapsed Time ; Average Processors Used ; Peak Virtual Memory ; Total CPU Time (on all processors) ;
+---------------------------+--------------+-------------------------+---------------------+------------------------------------+
; Analysis & Synthesis      ; 00:00:18     ; 1.0                     ; 335 MB              ; 00:00:05                           ;
; Fitter                    ; 00:00:55     ; 2.4                     ; 665 MB              ; 00:00:58                           ;
; TimeQuest Timing Analyzer ; 00:00:25     ; 1.0                     ; 397 MB              ; 00:00:11                           ;
; Assembler                 ; 00:00:30     ; 1.0                     ; 345 MB              ; 00:00:19                           ;
; EDA Netlist Writer        ; 00:00:17     ; 1.0                     ; 298 MB              ; 00:00:05                           ;
; Total                     ; 00:02:25     ; --                      ; --                  ; 00:01:38                           ;
+---------------------------+--------------+-------------------------+---------------------+------------------------------------+


+----------------------------------------------------------------------------------------+
; Flow OS Summary                                                                        ;
+---------------------------+------------------+-----------+------------+----------------+
; Module Name               ; Machine Hostname ; OS Name   ; OS Version ; Processor type ;
+---------------------------+------------------+-----------+------------+----------------+
; Analysis & Synthesis      ; Lenovo-PC        ; Windows 7 ; 6.2        ; x86_64         ;
; Fitter                    ; Lenovo-PC        ; Windows 7 ; 6.2        ; x86_64         ;
; TimeQuest Timing Analyzer ; Lenovo-PC        ; Windows 7 ; 6.2        ; x86_64         ;
; Assembler                 ; Lenovo-PC        ; Windows 7 ; 6.2        ; x86_64         ;
; EDA Netlist Writer        ; Lenovo-PC        ; Windows 7 ; 6.2        ; x86_64         ;
+---------------------------+------------------+-----------+------------+----------------+


------------
; Flow Log ;
------------
quartus_map --read_settings_files=on --write_settings_files=off lab3_121220307_ARM32 -c lab3_121220307_ARM32
quartus_fit --read_settings_files=off --write_settings_files=off lab3_121220307_ARM32 -c lab3_121220307_ARM32
quartus_sta lab3_121220307_ARM32 -c lab3_121220307_ARM32
quartus_asm --read_settings_files=off --write_settings_files=off lab3_121220307_ARM32 -c lab3_121220307_ARM32
quartus_eda --read_settings_files=off --write_settings_files=off lab3_121220307_ARM32 -c lab3_121220307_ARM32



