Flow report for PipelineMIPS
Sun Jun 22 11:12:41 2014
Quartus II 32-bit Version 12.0 Build 178 05/31/2012 SJ Full Version


---------------------
; Table of Contents ;
---------------------
  1. Legal Notice
  2. Flow Summary
  3. Flow Settings
  4. Flow Non-Default Global Settings
  5. Flow Elapsed Time
  6. Flow OS Summary
  7. Flow Log



----------------
; Legal Notice ;
----------------
Copyright (C) 1991-2012 Altera Corporation
Your use of Altera Corporation's design tools, logic functions 
and other software and tools, and its AMPP partner logic 
functions, and any output files from any of the foregoing 
(including device programming or simulation files), and any 
associated documentation or information are expressly subject 
to the terms and conditions of the Altera Program License 
Subscription Agreement, Altera MegaCore Function License 
Agreement, or other applicable license agreement, including, 
without limitation, that your use is for the sole purpose of 
programming logic devices manufactured by Altera and sold by 
Altera or its authorized distributors.  Please refer to the 
applicable agreement for further details.



+--------------------------------------------------------------------------------+
; Flow Summary                                                                   ;
+------------------------------------+-------------------------------------------+
; Flow Status                        ; Successful - Sun Jun 22 11:12:41 2014     ;
; Quartus II 32-bit Version          ; 12.0 Build 178 05/31/2012 SJ Full Version ;
; Revision Name                      ; PipelineMIPS                              ;
; Top-level Entity Name              ; PipelineMIPS                              ;
; Family                             ; Cyclone IV E                              ;
; Device                             ; EP4CE115F29C7                             ;
; Timing Models                      ; Final                                     ;
; Total logic elements               ; 13,923 / 114,480 ( 12 % )                 ;
;     Total combinational functions  ; 13,581 / 114,480 ( 12 % )                 ;
;     Dedicated logic registers      ; 2,465 / 114,480 ( 2 % )                   ;
; Total registers                    ; 2465                                      ;
; Total pins                         ; 447 / 529 ( 84 % )                        ;
; Total virtual pins                 ; 0                                         ;
; Total memory bits                  ; 0 / 3,981,312 ( 0 % )                     ;
; Embedded Multiplier 9-bit elements ; 0 / 532 ( 0 % )                           ;
; Total PLLs                         ; 0 / 4 ( 0 % )                             ;
+------------------------------------+-------------------------------------------+


+-----------------------------------------+
; Flow Settings                           ;
+-------------------+---------------------+
; Option            ; Setting             ;
+-------------------+---------------------+
; Start date & time ; 06/22/2014 11:00:36 ;
; Main task         ; Compilation         ;
; Revision Name     ; PipelineMIPS        ;
+-------------------+---------------------+


+-----------------------------------------------------------------------------------------------------------------------------------+
; Flow Non-Default Global Settings                                                                                                  ;
+--------------------------------------+---------------------------------------+---------------+-------------+----------------------+
; Assignment Name                      ; Value                                 ; Default Value ; Entity Name ; Section Id           ;
+--------------------------------------+---------------------------------------+---------------+-------------+----------------------+
; COMPILER_SIGNATURE_ID                ; 105996041052040.140340603338356       ; --            ; --          ; --                   ;
; EDA_DESIGN_INSTANCE_NAME             ; NA                                    ; --            ; --          ; PipelineMIPS_vlg_tst ;
; EDA_NATIVELINK_SIMULATION_TEST_BENCH ; PipelineMIPS_vlg_tst                  ; --            ; --          ; eda_simulation       ;
; EDA_OUTPUT_DATA_FORMAT               ; Verilog Hdl                           ; --            ; --          ; eda_simulation       ;
; EDA_SIMULATION_TOOL                  ; ModelSim-Altera (Verilog)             ; <None>        ; --          ; --                   ;
; EDA_TEST_BENCH_ENABLE_STATUS         ; TEST_BENCH_MODE                       ; --            ; --          ; eda_simulation       ;
; EDA_TEST_BENCH_FILE                  ; simulation/modelsim/PipelineMIPS.vt   ; --            ; --          ; PipelineMIPS_vlg_tst ;
; EDA_TEST_BENCH_MODULE_NAME           ; PipelineMIPS_vlg_tst                  ; --            ; --          ; PipelineMIPS_vlg_tst ;
; EDA_TEST_BENCH_NAME                  ; PipelineMIPS_vlg_tst                  ; --            ; --          ; eda_simulation       ;
; EDA_TIME_SCALE                       ; 1 ps                                  ; --            ; --          ; eda_simulation       ;
; MAX_CORE_JUNCTION_TEMP               ; 85                                    ; --            ; --          ; --                   ;
; MIN_CORE_JUNCTION_TEMP               ; 0                                     ; --            ; --          ; --                   ;
; NOMINAL_CORE_SUPPLY_VOLTAGE          ; 1.2V                                  ; --            ; --          ; --                   ;
; PARTITION_COLOR                      ; 16764057                              ; --            ; --          ; Top                  ;
; PARTITION_FITTER_PRESERVATION_LEVEL  ; PLACEMENT_AND_ROUTING                 ; --            ; --          ; Top                  ;
; PARTITION_NETLIST_TYPE               ; SOURCE                                ; --            ; --          ; Top                  ;
; POWER_BOARD_THERMAL_MODEL            ; None (CONSERVATIVE)                   ; --            ; --          ; --                   ;
; POWER_PRESET_COOLING_SOLUTION        ; 23 MM HEAT SINK WITH 200 LFPM AIRFLOW ; --            ; --          ; --                   ;
; PROJECT_OUTPUT_DIRECTORY             ; output_files                          ; --            ; --          ; --                   ;
+--------------------------------------+---------------------------------------+---------------+-------------+----------------------+


+-------------------------------------------------------------------------------------------------------------------------------+
; Flow Elapsed Time                                                                                                             ;
+---------------------------+--------------+-------------------------+---------------------+------------------------------------+
; Module Name               ; Elapsed Time ; Average Processors Used ; Peak Virtual Memory ; Total CPU Time (on all processors) ;
+---------------------------+--------------+-------------------------+---------------------+------------------------------------+
; Analysis & Synthesis      ; 00:03:36     ; 1.0                     ; 407 MB              ; 00:03:20                           ;
; Fitter                    ; 00:06:08     ; 3.2                     ; 778 MB              ; 00:09:56                           ;
; Assembler                 ; 00:00:35     ; 1.0                     ; 376 MB              ; 00:00:22                           ;
; TimeQuest Timing Analyzer ; 00:00:56     ; 2.6                     ; 502 MB              ; 00:00:59                           ;
; EDA Netlist Writer        ; 00:01:14     ; 1.0                     ; 401 MB              ; 00:00:57                           ;
; Total                     ; 00:12:29     ; --                      ; --                  ; 00:15:34                           ;
+---------------------------+--------------+-------------------------+---------------------+------------------------------------+


+----------------------------------------------------------------------------------------+
; Flow OS Summary                                                                        ;
+---------------------------+------------------+-----------+------------+----------------+
; Module Name               ; Machine Hostname ; OS Name   ; OS Version ; Processor type ;
+---------------------------+------------------+-----------+------------+----------------+
; Analysis & Synthesis      ; Lenovo-PC        ; Windows 7 ; 6.2        ; x86_64         ;
; Fitter                    ; Lenovo-PC        ; Windows 7 ; 6.2        ; x86_64         ;
; Assembler                 ; Lenovo-PC        ; Windows 7 ; 6.2        ; x86_64         ;
; TimeQuest Timing Analyzer ; Lenovo-PC        ; Windows 7 ; 6.2        ; x86_64         ;
; EDA Netlist Writer        ; Lenovo-PC        ; Windows 7 ; 6.2        ; x86_64         ;
+---------------------------+------------------+-----------+------------+----------------+


------------
; Flow Log ;
------------
quartus_map --read_settings_files=on --write_settings_files=off PipelineMIPS -c PipelineMIPS
quartus_fit --read_settings_files=off --write_settings_files=off PipelineMIPS -c PipelineMIPS
quartus_asm --read_settings_files=off --write_settings_files=off PipelineMIPS -c PipelineMIPS
quartus_sta PipelineMIPS -c PipelineMIPS
quartus_eda --read_settings_files=off --write_settings_files=off PipelineMIPS -c PipelineMIPS



